[2016-11-17T21:35:53,091][WARN ][o.e.d.s.g.GroovyScriptEngineService] [groovy] scripts are deprecated, use [painless] scripts instead
[2016-11-18T12:22:05,647][WARN ][o.e.d.s.g.GroovyScriptEngineService] [groovy] scripts are deprecated, use [painless] scripts instead
[2016-11-18T12:42:08,937][WARN ][o.e.d.i.m.StringFieldMapper$TypeParser] The [string] field is deprecated, please use [text] or [keyword] instead on [gameid]
[2016-11-18T12:42:08,967][WARN ][o.e.d.i.m.TypeParsers    ] Expected a boolean for property [store] but got [yes]
[2016-11-18T12:42:08,974][WARN ][o.e.d.i.m.TypeParsers    ] Expected a boolean for property [store] but got [yes]
[2016-11-18T12:42:08,974][WARN ][o.e.d.i.m.TypeParsers    ] Expected a boolean for property [store] but got [yes]
[2016-11-18T12:42:08,976][WARN ][o.e.d.i.m.TypeParsers    ] Expected a boolean for property [store] but got [yes]
[2016-11-18T12:42:08,976][WARN ][o.e.d.i.m.StringFieldMapper$TypeParser] The [string] field is deprecated, please use [text] or [keyword] instead on [def]
[2016-11-18T12:42:08,978][WARN ][o.e.d.i.m.StringFieldMapper$TypeParser] The [string] field is deprecated, please use [text] or [keyword] instead on [description]
[2016-11-18T12:42:08,983][WARN ][o.e.d.i.m.TypeParsers    ] Expected a boolean for property [store] but got [yes]
[2016-11-18T12:42:08,984][WARN ][o.e.d.i.m.TypeParsers    ] Expected a boolean for property [store] but got [yes]
[2016-11-18T12:42:08,984][WARN ][o.e.d.i.m.TypeParsers    ] Expected a boolean for property [store] but got [yes]
[2016-11-18T12:42:08,985][WARN ][o.e.d.i.m.TypeParsers    ] Expected a boolean for property [store] but got [yes]
[2016-11-18T12:42:09,004][WARN ][o.e.d.i.m.TypeParsers    ] Expected a boolean for property [store] but got [yes]
[2016-11-18T12:42:09,004][WARN ][o.e.d.i.m.StringFieldMapper$TypeParser] The [string] field is deprecated, please use [text] or [keyword] instead on [off]
[2016-11-18T12:42:09,004][WARN ][o.e.d.i.m.TypeParsers    ] Expected a boolean for property [store] but got [yes]
[2016-11-18T12:42:09,005][WARN ][o.e.d.i.m.TypeParsers    ] Expected a boolean for property [store] but got [yes]
[2016-11-18T12:42:09,006][WARN ][o.e.d.i.m.TypeParsers    ] Expected a boolean for property [store] but got [yes]
[2016-11-18T12:42:09,006][WARN ][o.e.d.i.m.TypeParsers    ] Expected a boolean for property [store] but got [yes]
[2016-11-18T12:42:09,007][WARN ][o.e.d.i.m.TypeParsers    ] Expected a boolean for property [store] but got [yes]
[2016-11-18T12:42:09,014][WARN ][o.e.d.i.m.TypeParsers    ] Expected a boolean for property [store] but got [yes]
[2016-11-18T12:42:27,263][WARN ][o.e.d.i.m.StringFieldMapper$TypeParser] The [string] field is deprecated, please use [text] or [keyword] instead on [gameid]
[2016-11-18T12:42:27,263][WARN ][o.e.d.i.m.TypeParsers    ] Expected a boolean for property [store] but got [yes]
[2016-11-18T12:42:27,263][WARN ][o.e.d.i.m.TypeParsers    ] Expected a boolean for property [store] but got [yes]
[2016-11-18T12:42:27,263][WARN ][o.e.d.i.m.TypeParsers    ] Expected a boolean for property [store] but got [yes]
[2016-11-18T12:42:27,264][WARN ][o.e.d.i.m.TypeParsers    ] Expected a boolean for property [store] but got [yes]
[2016-11-18T12:42:27,264][WARN ][o.e.d.i.m.StringFieldMapper$TypeParser] The [string] field is deprecated, please use [text] or [keyword] instead on [def]
[2016-11-18T12:42:27,265][WARN ][o.e.d.i.m.StringFieldMapper$TypeParser] The [string] field is deprecated, please use [text] or [keyword] instead on [description]
[2016-11-18T12:42:27,265][WARN ][o.e.d.i.m.TypeParsers    ] Expected a boolean for property [store] but got [yes]
[2016-11-18T12:42:27,266][WARN ][o.e.d.i.m.TypeParsers    ] Expected a boolean for property [store] but got [yes]
[2016-11-18T12:42:27,266][WARN ][o.e.d.i.m.TypeParsers    ] Expected a boolean for property [store] but got [yes]
[2016-11-18T12:42:27,266][WARN ][o.e.d.i.m.TypeParsers    ] Expected a boolean for property [store] but got [yes]
[2016-11-18T12:42:27,267][WARN ][o.e.d.i.m.TypeParsers    ] Expected a boolean for property [store] but got [yes]
[2016-11-18T12:42:27,267][WARN ][o.e.d.i.m.StringFieldMapper$TypeParser] The [string] field is deprecated, please use [text] or [keyword] instead on [off]
[2016-11-18T12:42:27,268][WARN ][o.e.d.i.m.TypeParsers    ] Expected a boolean for property [store] but got [yes]
[2016-11-18T12:42:27,268][WARN ][o.e.d.i.m.TypeParsers    ] Expected a boolean for property [store] but got [yes]
[2016-11-18T12:42:27,269][WARN ][o.e.d.i.m.TypeParsers    ] Expected a boolean for property [store] but got [yes]
[2016-11-18T12:42:27,269][WARN ][o.e.d.i.m.TypeParsers    ] Expected a boolean for property [store] but got [yes]
[2016-11-18T12:42:27,271][WARN ][o.e.d.i.m.TypeParsers    ] Expected a boolean for property [store] but got [yes]
[2016-11-18T12:42:27,272][WARN ][o.e.d.i.m.TypeParsers    ] Expected a boolean for property [store] but got [yes]
[2016-11-18T12:42:35,199][WARN ][o.e.d.i.m.StringFieldMapper$TypeParser] The [string] field is deprecated, please use [text] or [keyword] instead on [gameid]
[2016-11-18T12:42:35,200][WARN ][o.e.d.i.m.TypeParsers    ] Expected a boolean for property [store] but got [yes]
[2016-11-18T12:42:35,200][WARN ][o.e.d.i.m.TypeParsers    ] Expected a boolean for property [store] but got [yes]
[2016-11-18T12:42:35,200][WARN ][o.e.d.i.m.TypeParsers    ] Expected a boolean for property [store] but got [yes]
[2016-11-18T12:42:35,200][WARN ][o.e.d.i.m.TypeParsers    ] Expected a boolean for property [store] but got [yes]
[2016-11-18T12:42:35,201][WARN ][o.e.d.i.m.StringFieldMapper$TypeParser] The [string] field is deprecated, please use [text] or [keyword] instead on [def]
[2016-11-18T12:42:35,201][WARN ][o.e.d.i.m.StringFieldMapper$TypeParser] The [string] field is deprecated, please use [text] or [keyword] instead on [description]
[2016-11-18T12:42:35,201][WARN ][o.e.d.i.m.TypeParsers    ] Expected a boolean for property [store] but got [yes]
[2016-11-18T12:42:35,201][WARN ][o.e.d.i.m.TypeParsers    ] Expected a boolean for property [store] but got [yes]
[2016-11-18T12:42:35,202][WARN ][o.e.d.i.m.TypeParsers    ] Expected a boolean for property [store] but got [yes]
[2016-11-18T12:42:35,202][WARN ][o.e.d.i.m.TypeParsers    ] Expected a boolean for property [store] but got [yes]
[2016-11-18T12:42:35,202][WARN ][o.e.d.i.m.TypeParsers    ] Expected a boolean for property [store] but got [yes]
[2016-11-18T12:42:35,203][WARN ][o.e.d.i.m.StringFieldMapper$TypeParser] The [string] field is deprecated, please use [text] or [keyword] instead on [off]
[2016-11-18T12:42:35,203][WARN ][o.e.d.i.m.TypeParsers    ] Expected a boolean for property [store] but got [yes]
[2016-11-18T12:42:35,203][WARN ][o.e.d.i.m.TypeParsers    ] Expected a boolean for property [store] but got [yes]
[2016-11-18T12:42:35,204][WARN ][o.e.d.i.m.TypeParsers    ] Expected a boolean for property [store] but got [yes]
[2016-11-18T12:42:35,204][WARN ][o.e.d.i.m.TypeParsers    ] Expected a boolean for property [store] but got [yes]
[2016-11-18T12:42:35,204][WARN ][o.e.d.i.m.TypeParsers    ] Expected a boolean for property [store] but got [yes]
[2016-11-18T12:42:35,205][WARN ][o.e.d.i.m.TypeParsers    ] Expected a boolean for property [store] but got [yes]
[2016-11-18T15:12:40,231][WARN ][o.e.d.s.g.GroovyScriptEngineService] [groovy] scripts are deprecated, use [painless] scripts instead
[2016-11-18T15:32:22,732][WARN ][o.e.d.i.m.StringFieldMapper$TypeParser] The [string] field is deprecated, please use [text] or [keyword] instead on [@version]
[2016-11-18T15:32:22,763][WARN ][o.e.d.i.m.TypeParsers    ] [omit_norms] is deprecated, please use [norms] instead with the opposite boolean value
[2016-11-19T12:16:27,603][WARN ][o.e.d.s.g.GroovyScriptEngineService] [groovy] scripts are deprecated, use [painless] scripts instead
[2016-11-19T13:17:39,514][WARN ][o.e.d.s.g.GroovyScriptEngineService] [groovy] scripts are deprecated, use [painless] scripts instead
[2016-11-20T00:40:35,927][WARN ][o.e.d.s.g.GroovyScriptEngineService] [groovy] scripts are deprecated, use [painless] scripts instead
[2016-11-20T11:20:11,361][WARN ][o.e.d.s.g.GroovyScriptEngineService] [groovy] scripts are deprecated, use [painless] scripts instead
[2016-11-20T14:48:29,866][WARN ][o.e.d.s.g.GroovyScriptEngineService] [groovy] scripts are deprecated, use [painless] scripts instead
[2016-11-20T22:23:52,847][WARN ][o.e.d.s.g.GroovyScriptEngineService] [groovy] scripts are deprecated, use [painless] scripts instead
[2016-11-21T00:02:30,053][WARN ][o.e.d.s.g.GroovyScriptEngineService] [groovy] scripts are deprecated, use [painless] scripts instead
[2016-11-21T00:41:44,310][WARN ][o.e.d.s.g.GroovyScriptEngineService] [groovy] scripts are deprecated, use [painless] scripts instead
